\BOOKMARK [1][-]{section.1}{\376\377\127\372\147\054\213\241\145\160\123\237\164\006}{}% 1
\BOOKMARK [2][-]{subsection.1.1}{\376\377\122\240\154\325\123\237\164\006\124\214\122\006\174\173\213\241\145\160\154\325}{section.1}% 2
\BOOKMARK [2][-]{subsection.1.2}{\376\377\116\130\154\325\123\237\164\006\124\214\122\006\153\145\213\241\145\160\154\325}{section.1}% 3
\BOOKMARK [1][-]{section.2}{\376\377\143\222\122\027\176\304\124\010}{}% 4
\BOOKMARK [2][-]{subsection.2.1}{\376\377\143\222\122\027}{section.2}% 5
\BOOKMARK [2][-]{subsection.2.2}{\376\377\176\304\124\010}{section.2}% 6
\BOOKMARK [1][-]{section.3}{\376\377\116\214\230\171\137\017\133\232\164\006}{}% 7
\BOOKMARK [2][-]{subsection.3.1}{\376\377\116\214\230\171\137\017\174\373\145\160\166\204\121\163\174\373}{section.3}% 8
\BOOKMARK [2][-]{subsection.3.2}{\376\377\174\373\145\160}{section.3}% 9
\BOOKMARK [1][-]{section.4}{\376\377\143\222\122\027\176\304\124\010\136\070\165\050\211\343\154\325}{}% 10
\BOOKMARK [2][-]{subsection.4.1}{\376\377\122\006\147\220\140\073\176\262}{section.4}% 11
\BOOKMARK [2][-]{subsection.4.2}{\376\377\121\103\175\040\123\327\226\120\154\325}{section.4}% 12
\BOOKMARK [2][-]{subsection.4.3}{\376\377\117\115\177\156\123\327\226\120\154\325}{section.4}% 13
\BOOKMARK [2][-]{subsection.4.4}{\376\377\040\034\143\106\176\321\040\035\154\325}{section.4}% 14
\BOOKMARK [2][-]{subsection.4.5}{\376\377\040\034\143\322\172\172\040\035\154\325}{section.4}% 15
\BOOKMARK [2][-]{subsection.4.6}{\376\377\121\110\176\304\124\016\143\222\154\325}{section.4}% 16
\BOOKMARK [2][-]{subsection.4.7}{\376\377\040\034\123\273\147\102\040\035\154\325}{section.4}% 17
\BOOKMARK [2][-]{subsection.4.8}{\376\377\040\034\143\322\143\041\147\177\040\035\154\325}{section.4}% 18
\BOOKMARK [2][-]{subsection.4.9}{\376\377\040\034\226\306\124\010\040\035\154\325}{section.4}% 19
\BOOKMARK [2][-]{subsection.4.10}{\376\377\000\040\040\034\151\202\163\207\040\035\154\325\000\040}{section.4}% 20
\BOOKMARK [2][-]{subsection.4.11}{\376\377\040\034\117\117\136\227\040\035\154\325}{section.4}% 21
\BOOKMARK [2][-]{subsection.4.12}{\376\377\000\040\040\034\147\345\133\127\121\170\040\035\154\325}{section.4}% 22
\BOOKMARK [2][-]{subsection.4.13}{\376\377\000\040\040\034\155\210\136\217\040\035\154\325}{section.4}% 23
\BOOKMARK [2][-]{subsection.4.14}{\376\377\040\034\220\006\124\021\040\035\154\325\000\040}{section.4}% 24
\BOOKMARK [1][-]{section.5}{\376\377\176\374\124\010\117\213\230\230}{}% 25
\BOOKMARK [1][-]{section.6}{\376\377\163\257\137\142\155\202\202\162\225\356\230\230}{}% 26
\BOOKMARK [1][-]{section.7}{\376\377\176\303\116\140}{}% 27
