\BOOKMARK [1][-]{section.1}{\376\377\122\051\165\050\133\374\145\160\166\204\151\202\137\365\211\343\230\230}{}% 1
\BOOKMARK [2][-]{subsection.1.1}{\376\377\133\374\145\160\166\204\133\232\116\111}{section.1}% 2
\BOOKMARK [2][-]{subsection.1.2}{\376\377\136\070\165\050\121\375\145\160\166\204\133\374\145\160\124\214\127\372\147\054\217\320\173\227}{section.1}% 3
\BOOKMARK [2][-]{subsection.1.3}{\376\377\176\303\116\140}{section.1}% 4
\BOOKMARK [1][-]{section.2}{\376\377\122\007\176\277\145\271\172\013}{}% 5
\BOOKMARK [2][-]{subsection.2.1}{\376\377\133\374\145\160\166\204\121\340\117\125\141\017\116\111}{section.2}% 6
\BOOKMARK [2][-]{subsection.2.2}{\376\377\154\102\146\362\176\277\122\007\176\277\145\271\172\013\166\204\153\145\232\244\377\032}{section.2}% 7
\BOOKMARK [2][-]{subsection.2.3}{\376\377\176\303\116\140}{section.2}% 8
\BOOKMARK [1][-]{section.3}{\376\377\121\375\145\160\123\125\214\003\140\047\060\001\226\366\160\271\225\356\230\230}{}% 9
\BOOKMARK [2][-]{subsection.3.1}{\376\377\123\125\214\003\140\047}{section.3}% 10
\BOOKMARK [2][-]{subsection.3.2}{\376\377\226\366\160\271\225\356\230\230}{section.3}% 11
\BOOKMARK [2][-]{subsection.3.3}{\376\377\176\303\116\140}{section.3}% 12
\BOOKMARK [1][-]{section.4}{\376\377\121\375\145\160\147\201\120\074\060\001\147\000\120\074\225\356\230\230}{}% 13
\BOOKMARK [2][-]{subsection.4.1}{\376\377\123\357\133\374\121\375\145\160\166\204\147\201\120\074}{section.4}% 14
\BOOKMARK [2][-]{subsection.4.2}{\376\377\121\375\145\160\166\204\147\000\131\047\120\074\124\214\147\000\134\017\120\074\000\040}{section.4}% 15
\BOOKMARK [2][-]{subsection.4.3}{\376\377\154\350\141\017\377\032}{section.4}% 16
\BOOKMARK [2][-]{subsection.4.4}{\376\377\147\201\120\074\116\016\147\000\120\074\166\204\123\072\122\053}{section.4}% 17
\BOOKMARK [2][-]{subsection.4.5}{\376\377\176\303\116\140}{section.4}% 18
\BOOKMARK [1][-]{section.5}{\376\377\133\374\145\160\213\301\146\016\116\015\173\111\137\017\225\356\230\230}{}% 19
\BOOKMARK [2][-]{subsection.5.1}{\376\377\225\356\230\230\122\006\147\220}{section.5}% 20
\BOOKMARK [2][-]{subsection.5.2}{\376\377\211\343\154\325\116\076\117\213}{section.5}% 21
\BOOKMARK [2][-]{subsection.5.3}{\376\377\116\140\230\230}{section.5}% 22
