This is pdfTeX, Version 3.14159265-2.6-1.40.18 (TeX Live 2017/Debian) (preloaded format=pdflatex 2020.9.18)  10 OCT 2020 14:28
entering extended mode
 restricted \write18 enabled.
 file:line:error style messages enabled.
 %&-line parsing enabled.
**/home/sx/Gaokao-Shuxue-LaTeX/8&14&20/8&14&20.tex
(/home/sx/Gaokao-Shuxue-LaTeX/8&14&20/8&14&20.tex
LaTeX2e <2017-04-15>
Babel <3.18> and hyphenation patterns for 26 language(s) loaded.
(/home/sx/Gaokao-Shuxue-LaTeX/8&14&20/BHCexam.cls
Document Class: BHCexam 2015/10/10 v0.4 BHCexam document class

! LaTeX Error: File `exam.cls' not found.

Type X to quit or <RETURN> to proceed,
or enter new name. (Default extension: cls)

Enter file name: 
/home/sx/Gaokao-Shuxue-LaTeX/8&14&20/BHCexam.cls:69: Emergency stop.
<read *> 
         
l.69 \RequirePackage
                    {ctex}^^M
*** (cannot \read from terminal in nonstop modes)

 
Here is how much of TeX's memory you used:
 34 strings out of 494406
 703 string characters out of 6169675
 48051 words of memory out of 5000000
 3595 multiletter control sequences out of 15000+600000
 3640 words of font info for 14 fonts, out of 8000000 for 9000
 264 hyphenation exceptions out of 8191
 16i,0n,17p,164b,9s stack positions out of 5000i,500n,10000p,200000b,80000s
/home/sx/Gaokao-Shuxue-LaTeX/8&14&20/BHCexam.cls:69:  ==> Fatal error occurred, no output PDF file produced!
