This is XeTeX, Version 3.14159265-2.6-0.99998 (TeX Live 2017/W32TeX) (preloaded format=xelatex 2017.6.15)  28 OCT 2017 13:17
entering extended mode
 restricted \write18 enabled.
 %&-line parsing enabled.
**./zhixianyuyuan.tex
(./zhixianyuyuan.tex
LaTeX2e <2017-04-15>
Babel <3.10> and hyphenation patterns for 84 language(s) loaded.
! Undefined control sequence.
l.1 \section
            {ç›´çº¿ä¸åœ†}
The control sequence at the end of the top line
of your error message was never \def'ed. If you have
misspelled it (e.g., `\hobx'), type `I' and the correct
spelling (e.g., `I\hbox'). Otherwise just continue,
and I'll forget about whatever was undefined.


! LaTeX Error: Missing \begin{document}.

See the LaTeX manual or LaTeX Companion for explanation.
Type  H <return>  for immediate help.
 ...                                              
                                                  
l.1 \section{ç›´
                çº¿ä¸åœ†}
You're in trouble here.  Try typing  <return>  to proceed.
If that doesn't work, type  X <return>  to quit.

Missing character: There is no ç›´ in font nullfont!
Missing character: There is no çº¿ in font nullfont!
Missing character: There is no ä¸ in font nullfont!
Missing character: There is no åœ† in font nullfont!

! LaTeX Error: Environment questions undefined.

See the LaTeX manual or LaTeX Companion for explanation.
Type  H <return>  for immediate help.
 ...                                              
                                                  
l.2 \begin{questions}
                     
Your command was ignored.
Type  I <command> <return>  to replace it with another command,
or  <return>  to continue without it.

! Undefined control sequence.
l.3 \qs
        å·²çŸ¥ç‚¹$ M(a,b) $åœ¨åœ†$ O:x^2+y^2=1 $å¤–ï¼Œåˆ™ç›´çº¿$ ax+by=1 $ä¸...
The control sequence at the end of the top line
of your error message was never \def'ed. If you have
misspelled it (e.g., `\hobx'), type `I' and the correct
spelling (e.g., `I\hbox'). Otherwise just continue,
and I'll forget about whatever was undefined.

Missing character: There is no å·² in font nullfont!
Missing character: There is no çŸ¥ in font nullfont!
Missing character: There is no ç‚¹ in font nullfont!
LaTeX Font Info:    External font `cmex10' loaded for size
(Font)              <7> on input line 3.
LaTeX Font Info:    External font `cmex10' loaded for size
(Font)              <5> on input line 3.
Missing character: There is no åœ¨ in font nullfont!
Missing character: There is no åœ† in font nullfont!
Missing character: There is no å¤– in font nullfont!
Missing character: There is no ï¼Œ in font nullfont!
Missing character: There is no åˆ™ in font nullfont!
Missing character: There is no ç›´ in font nullfont!
Missing character: There is no çº¿ in font nullfont!
Missing character: There is no ä¸ in font nullfont!
Missing character: There is no åœ† in font nullfont!
Missing character: There is no çš„ in font nullfont!
Missing character: There is no ä½ in font nullfont!
Missing character: There is no ç½® in font nullfont!
Missing character: There is no å…³ in font nullfont!
Missing character: There is no ç³» in font nullfont!
Missing character: There is no æ˜¯ in font nullfont!
! Undefined control sequence.
l.3 ...$ ax+by=1 $ä¸åœ†$ O $çš„ä½ç½®å…³ç³»æ˜¯\xx
                                                  
The control sequence at the end of the top line
of your error message was never \def'ed. If you have
misspelled it (e.g., `\hobx'), type `I' and the correct
spelling (e.g., `I\hbox'). Otherwise just continue,
and I'll forget about whatever was undefined.

! Undefined control sequence.
l.4 \onech
          {ç›¸åˆ‡}{ç›¸äº¤}{ç›¸ç¦»}{ä¸ç¡®å®š}
The control sequence at the end of the top line
of your error message was never \def'ed. If you have
misspelled it (e.g., `\hobx'), type `I' and the correct
spelling (e.g., `I\hbox'). Otherwise just continue,
and I'll forget about whatever was undefined.

Missing character: There is no ç›¸ in font nullfont!
Missing character: There is no åˆ‡ in font nullfont!
Missing character: There is no ç›¸ in font nullfont!
Missing character: There is no äº¤ in font nullfont!
Missing character: There is no ç›¸ in font nullfont!
Missing character: There is no ç¦» in font nullfont!
Missing character: There is no ä¸ in font nullfont!
Missing character: There is no ç¡® in font nullfont!
Missing character: There is no å®š in font nullfont!
! Undefined control sequence.
l.5 \qs
        å·²çŸ¥åœ†$ C:x^2+y^2-4x=0 ,l$è¿‡ç‚¹$ P(3,0) $çš„ç›´çº¿ï¼Œåˆ™\xx
The control sequence at the end of the top line
of your error message was never \def'ed. If you have
misspelled it (e.g., `\hobx'), type `I' and the correct
spelling (e.g., `I\hbox'). Otherwise just continue,
and I'll forget about whatever was undefined.

Missing character: There is no å·² in font nullfont!
Missing character: There is no çŸ¥ in font nullfont!
Missing character: There is no åœ† in font nullfont!
Missing character: There is no è¿‡ in font nullfont!
Missing character: There is no ç‚¹ in font nullfont!
Missing character: There is no çš„ in font nullfont!
Missing character: There is no ç›´ in font nullfont!
Missing character: There is no çº¿ in font nullfont!
Missing character: There is no ï¼Œ in font nullfont!
Missing character: There is no åˆ™ in font nullfont!
! Undefined control sequence.
l.5 ...-4x=0 ,l$è¿‡ç‚¹$ P(3,0) $çš„ç›´çº¿ï¼Œåˆ™\xx
                                                  
The control sequence at the end of the top line
of your error message was never \def'ed. If you have
misspelled it (e.g., `\hobx'), type `I' and the correct
spelling (e.g., `I\hbox'). Otherwise just continue,
and I'll forget about whatever was undefined.

! Undefined control sequence.
l.6 \fourch
           {$ l$ä¸$ C $ç›¸äº¤}{$ l$ä¸$ C $ç›¸åˆ‡}{$ l$ä¸$ C $ç›¸ç¦»}{ä»¥ä...
The control sequence at the end of the top line
of your error message was never \def'ed. If you have
misspelled it (e.g., `\hobx'), type `I' and the correct
spelling (e.g., `I\hbox'). Otherwise just continue,
and I'll forget about whatever was undefined.

Missing character: There is no ä¸ in font nullfont!
Missing character: There is no ç›¸ in font nullfont!
Missing character: There is no äº¤ in font nullfont!
Missing character: There is no ä¸ in font nullfont!
Missing character: There is no ç›¸ in font nullfont!
Missing character: There is no åˆ‡ in font nullfont!
Missing character: There is no ä¸ in font nullfont!
Missing character: There is no ç›¸ in font nullfont!
Missing character: There is no ç¦» in font nullfont!
Missing character: There is no ä»¥ in font nullfont!
Missing character: There is no ä¸Š in font nullfont!
Missing character: There is no ä¸‰ in font nullfont!
Missing character: There is no ä¸ª in font nullfont!
Missing character: There is no é€‰ in font nullfont!
Missing character: There is no é¡¹ in font nullfont!
Missing character: There is no å‡ in font nullfont!
Missing character: There is no æœ‰ in font nullfont!
Missing character: There is no å¯ in font nullfont!
Missing character: There is no èƒ½ in font nullfont!
! Undefined control sequence.
l.7 \qs
        è¿‡ç‚¹$\left(1,0\right)$ä¸”ä¸ç›´çº¿$ x-2y-2=0 $å¹³è¡Œçš„ç›´çº¿æ–¹ç¨...
The control sequence at the end of the top line
of your error message was never \def'ed. If you have
misspelled it (e.g., `\hobx'), type `I' and the correct
spelling (e.g., `I\hbox'). Otherwise just continue,
and I'll forget about whatever was undefined.

Missing character: There is no è¿‡ in font nullfont!
Missing character: There is no ç‚¹ in font nullfont!
Missing character: There is no ä¸” in font nullfont!
Missing character: There is no ä¸ in font nullfont!
Missing character: There is no ç›´ in font nullfont!
Missing character: There is no çº¿ in font nullfont!
Missing character: There is no å¹³ in font nullfont!
Missing character: There is no è¡Œ in font nullfont!
Missing character: There is no çš„ in font nullfont!
Missing character: There is no ç›´ in font nullfont!
Missing character: There is no çº¿ in font nullfont!
Missing character: There is no æ–¹ in font nullfont!
Missing character: There is no ç¨‹ in font nullfont!
Missing character: There is no æ˜¯ in font nullfont!
! Undefined control sequence.
l.7 ...´çº¿$ x-2y-2=0 $å¹³è¡Œçš„ç›´çº¿æ–¹ç¨‹æ˜¯\xx
                                                  
The control sequence at the end of the top line
of your error message was never \def'ed. If you have
misspelled it (e.g., `\hobx'), type `I' and the correct
spelling (e.g., `I\hbox'). Otherwise just continue,
and I'll forget about whatever was undefined.

! Undefined control sequence.
l.8 \twoch
          {$ x-2y-1=0$}{$ x-2y+1=0$}{$ 2x+y-2=0$}{$ x+2y-1=0$}
The control sequence at the end of the top line
of your error message was never \def'ed. If you have
misspelled it (e.g., `\hobx'), type `I' and the correct
spelling (e.g., `I\hbox'). Otherwise just continue,
and I'll forget about whatever was undefined.


! LaTeX Error: \begin{document} ended by \end{questions}.

See the LaTeX manual or LaTeX Companion for explanation.
Type  H <return>  for immediate help.
 ...                                              
                                                  
l.9 \end{questions}
                   
Your command was ignored.
Type  I <command> <return>  to replace it with another command,
or  <return>  to continue without it.

)
! Emergency stop.
<*> ./zhixianyuyuan.tex
                       
*** (job aborted, no legal \end found)

 
Here is how much of TeX's memory you used:
 8 strings out of 493005
 117 string characters out of 6137956
 61634 words of memory out of 5000000
 4081 multiletter control sequences out of 15000+600000
 3640 words of font info for 14 fonts, out of 8000000 for 9000
 1348 hyphenation exceptions out of 8191
 18i,2n,12p,104b,58s stack positions out of 5000i,500n,10000p,200000b,80000s
No pages of output.
